<?xml version="1.0" encoding="UTF-8"?>
<!-- Generated by org.testng.reporters.JUnitXMLReporter -->
<testsuite ignored="0" hostname="LAPTOP-Q5E25PUN" failures="0" tests="3" name="Default test" time="201.906" errors="0" timestamp="2022-07-25T14:13:00 IST">
  <testcase classname="com.bridgelabz_Selenium_Keyword_DrivenFramework.LoginTest" name="loginTest" time="85.244"/>
  <testcase classname="com.bridgelabz_Selenium_Keyword_DrivenFramework.LoginTest" name="loginTestValidation" time="82.114"/>
  <testcase classname="com.bridgelabz_Selenium_Keyword_DrivenFramework.LoginTest" name="signUpTest" time="34.359"/>
</testsuite> <!-- Default test -->
