<?xml version="1.0" encoding="UTF-8"?>
<testng-results ignored="0" total="3" passed="3" failed="0" skipped="0">
  <reporter-output>
  </reporter-output>
  <suite started-at="2022-07-25T14:09:38 IST" name="Default suite" finished-at="2022-07-25T14:13:00 IST" duration-ms="201906">
    <groups>
    </groups>
    <test started-at="2022-07-25T14:09:38 IST" name="Default test" finished-at="2022-07-25T14:13:00 IST" duration-ms="201906">
      <class name="com.bridgelabz_Selenium_Keyword_DrivenFramework.LoginTest">
        <test-method signature="loginTest()[pri:0, instance:com.bridgelabz_Selenium_Keyword_DrivenFramework.LoginTest@3eb77ea8]" started-at="2022-07-25T14:09:39 IST" name="loginTest" finished-at="2022-07-25T14:11:04 IST" duration-ms="85244" status="PASS">
          <reporter-output>
          </reporter-output>
        </test-method> <!-- loginTest -->
        <test-method signature="loginTestValidation()[pri:0, instance:com.bridgelabz_Selenium_Keyword_DrivenFramework.LoginTest@3eb77ea8]" started-at="2022-07-25T14:11:04 IST" name="loginTestValidation" finished-at="2022-07-25T14:12:26 IST" duration-ms="82114" status="PASS">
          <reporter-output>
          </reporter-output>
        </test-method> <!-- loginTestValidation -->
        <test-method signature="signUpTest()[pri:0, instance:com.bridgelabz_Selenium_Keyword_DrivenFramework.LoginTest@3eb77ea8]" started-at="2022-07-25T14:12:26 IST" name="signUpTest" finished-at="2022-07-25T14:13:00 IST" duration-ms="34359" status="PASS">
          <reporter-output>
          </reporter-output>
        </test-method> <!-- signUpTest -->
      </class> <!-- com.bridgelabz_Selenium_Keyword_DrivenFramework.LoginTest -->
    </test> <!-- Default test -->
  </suite> <!-- Default suite -->
</testng-results>
